Determining if the pthread_create exist failed with the following output:
Change Dir: /home/amov/catkin_ws/src/octomapping/build/CMakeFiles/CMakeTmp

Run Build Command:"/usr/bin/ninja" "cmTC_19639"
[1/2] Building C object CMakeFiles/cmTC_19639.dir/CheckSymbolExists.c.o
[2/2] Linking C executable cmTC_19639
FAILED: cmTC_19639 
: && /usr/bin/aarch64-linux-gnu-gcc   -rdynamic CMakeFiles/cmTC_19639.dir/CheckSymbolExists.c.o  -o cmTC_19639   && :
CMakeFiles/cmTC_19639.dir/CheckSymbolExists.c.o: In function `main':
CheckSymbolExists.c:(.text+0x14): undefined reference to `pthread_create'
CheckSymbolExists.c:(.text+0x18): undefined reference to `pthread_create'
collect2: error: ld returned 1 exit status
ninja: build stopped: subcommand failed.

File /home/amov/catkin_ws/src/octomapping/build/CMakeFiles/CMakeTmp/CheckSymbolExists.c:
/* */
#include <pthread.h>

int main(int argc, char** argv)
{
  (void)argv;
#ifndef pthread_create
  return ((int*)(&pthread_create))[argc];
#else
  (void)argc;
  return 0;
#endif
}

Determining if the function pthread_create exists in the pthreads failed with the following output:
Change Dir: /home/amov/catkin_ws/src/octomapping/build/CMakeFiles/CMakeTmp

Run Build Command:"/usr/bin/ninja" "cmTC_f052c"
[1/2] Building C object CMakeFiles/cmTC_f052c.dir/CheckFunctionExists.c.o
[2/2] Linking C executable cmTC_f052c
FAILED: cmTC_f052c 
: && /usr/bin/aarch64-linux-gnu-gcc -DCHECK_FUNCTION_EXISTS=pthread_create  -rdynamic CMakeFiles/cmTC_f052c.dir/CheckFunctionExists.c.o  -o cmTC_f052c  -lpthreads && :
/usr/bin/ld: cannot find -lpthreads
collect2: error: ld returned 1 exit status
ninja: build stopped: subcommand failed.


