amov@amov:~$ roslaunch octomapping octomapping_onboard.launch
... logging to /home/amov/.ros/log/38f205b4-dfa5-11ee-9953-48b02d67bcf5/roslaunch-amov-12546.log
Checking log directory for disk usage. This may take a while.
Press Ctrl-C to interrupt
Done checking log file disk usage. Usage is <1GB.

started roslaunch server http://amov:34041/

SUMMARY
========

PARAMETERS
 * /lidar01/baud_rate: 768000
 * /lidar01/frame_id: lidar_link
 * /lidar01/hard_resample: False
 * /lidar01/max_angle: 3.14
 * /lidar01/max_dist: 50.0
 * /lidar01/min_angle: -3.14
 * /lidar01/output_360: True
 * /lidar01/output_cloud: False
 * /lidar01/output_scan: True
 * /lidar01/platform: LDS-50C-2
 * /lidar01/port: /dev/ttyTHS1
 * /lidar01/rate_list: [500000, 768000, ...
 * /lidar01/raw_bytes: 3
 * /lidar01/resample_res: 0.4
 * /lidar01/soft_resample: True
 * /lidar01/type: uart
 * /lidar01/unit_is_mm: True
 * /lidar01/with_angle_filter: True
 * /lidar01/with_checksum: True
 * /lidar01/with_confidence: True
 * /mavros/cmd/use_comp_id_system_control: False
 * /mavros/conn/heartbeat_rate: 1.0
 * /mavros/conn/system_time_rate: 1.0
 * /mavros/conn/timeout: 10.0
 * /mavros/conn/timesync_rate: 10.0
 * /mavros/distance_sensor/hrlv_ez4_pub/field_of_view: 0.0
 * /mavros/distance_sensor/hrlv_ez4_pub/frame_id: hrlv_ez4_sonar
 * /mavros/distance_sensor/hrlv_ez4_pub/id: 0
 * /mavros/distance_sensor/hrlv_ez4_pub/orientation: PITCH_270
 * /mavros/distance_sensor/hrlv_ez4_pub/send_tf: True
 * /mavros/distance_sensor/hrlv_ez4_pub/sensor_position/x: 0.0
 * /mavros/distance_sensor/hrlv_ez4_pub/sensor_position/y: 0.0
 * /mavros/distance_sensor/hrlv_ez4_pub/sensor_position/z: -0.1
 * /mavros/distance_sensor/laser_1_sub/id: 3
 * /mavros/distance_sensor/laser_1_sub/orientation: PITCH_270
 * /mavros/distance_sensor/laser_1_sub/subscriber: True
 * /mavros/distance_sensor/lidarlite_pub/field_of_view: 0.0
 * /mavros/distance_sensor/lidarlite_pub/frame_id: lidarlite_laser
 * /mavros/distance_sensor/lidarlite_pub/id: 1
 * /mavros/distance_sensor/lidarlite_pub/orientation: PITCH_270
 * /mavros/distance_sensor/lidarlite_pub/send_tf: True
 * /mavros/distance_sensor/lidarlite_pub/sensor_position/x: 0.0
 * /mavros/distance_sensor/lidarlite_pub/sensor_position/y: 0.0
 * /mavros/distance_sensor/lidarlite_pub/sensor_position/z: -0.1
 * /mavros/distance_sensor/sonar_1_sub/id: 2
 * /mavros/distance_sensor/sonar_1_sub/orientation: PITCH_270
 * /mavros/distance_sensor/sonar_1_sub/subscriber: True
 * /mavros/fake_gps/eph: 2.0
 * /mavros/fake_gps/epv: 2.0
 * /mavros/fake_gps/fix_type: 3
 * /mavros/fake_gps/geo_origin/alt: 408.0
 * /mavros/fake_gps/geo_origin/lat: 47.3667
 * /mavros/fake_gps/geo_origin/lon: 8.55
 * /mavros/fake_gps/gps_rate: 5.0
 * /mavros/fake_gps/mocap_transform: True
 * /mavros/fake_gps/satellites_visible: 5
 * /mavros/fake_gps/tf/child_frame_id: fix
 * /mavros/fake_gps/tf/frame_id: map
 * /mavros/fake_gps/tf/listen: False
 * /mavros/fake_gps/tf/rate_limit: 10.0
 * /mavros/fake_gps/tf/send: False
 * /mavros/fake_gps/use_mocap: True
 * /mavros/fake_gps/use_vision: False
 * /mavros/fcu_url: /dev/ttyTHS2:921600
 * /mavros/gcs_url:
 * /mavros/global_position/child_frame_id: base_link
 * /mavros/global_position/frame_id: map
 * /mavros/global_position/gps_uere: 1.0
 * /mavros/global_position/rot_covariance: 99999.0
 * /mavros/global_position/tf/child_frame_id: base_link
 * /mavros/global_position/tf/frame_id: map
 * /mavros/global_position/tf/global_frame_id: earth
 * /mavros/global_position/tf/send: False
 * /mavros/global_position/use_relative_alt: True
 * /mavros/image/frame_id: px4flow
 * /mavros/imu/angular_velocity_stdev: 0.0003490659 // 0...
 * /mavros/imu/frame_id: base_link
 * /mavros/imu/linear_acceleration_stdev: 0.0003
 * /mavros/imu/magnetic_stdev: 0.0
 * /mavros/imu/orientation_stdev: 1.0
 * /mavros/landing_target/camera/fov_x: 2.0071286398
 * /mavros/landing_target/camera/fov_y: 2.0071286398
 * /mavros/landing_target/image/height: 480
 * /mavros/landing_target/image/width: 640
 * /mavros/landing_target/land_target_type: VISION_FIDUCIAL
 * /mavros/landing_target/listen_lt: False
 * /mavros/landing_target/mav_frame: LOCAL_NED
 * /mavros/landing_target/target_size/x: 0.3
 * /mavros/landing_target/target_size/y: 0.3
 * /mavros/landing_target/tf/child_frame_id: camera_center
 * /mavros/landing_target/tf/frame_id: landing_target
 * /mavros/landing_target/tf/listen: False
 * /mavros/landing_target/tf/rate_limit: 10.0
 * /mavros/landing_target/tf/send: True
 * /mavros/local_position/frame_id: world
 * /mavros/local_position/tf/child_frame_id: base_link
 * /mavros/local_position/tf/frame_id: world
 * /mavros/local_position/tf/send: True
 * /mavros/local_position/tf/send_fcu: False
 * /mavros/mission/pull_after_gcs: True
 * /mavros/mission/use_mission_item_int: True
 * /mavros/mocap/use_pose: True
 * /mavros/mocap/use_tf: False
 * /mavros/odometry/fcu/odom_child_id_des: base_link
 * /mavros/odometry/fcu/odom_parent_id_des: map
 * /mavros/plugin_blacklist: ['actuator_contro...
 * /mavros/plugin_whitelist: []
 * /mavros/px4flow/frame_id: px4flow
 * /mavros/px4flow/ranger_fov: 0.118682
 * /mavros/px4flow/ranger_max_range: 5.0
 * /mavros/px4flow/ranger_min_range: 0.3
 * /mavros/safety_area/p1/x: 1.0
 * /mavros/safety_area/p1/y: 1.0
 * /mavros/safety_area/p1/z: 1.0
 * /mavros/safety_area/p2/x: -1.0
 * /mavros/safety_area/p2/y: -1.0
 * /mavros/safety_area/p2/z: -1.0
 * /mavros/setpoint_accel/send_force: False
 * /mavros/setpoint_attitude/reverse_thrust: False
 * /mavros/setpoint_attitude/tf/child_frame_id: target_attitude
 * /mavros/setpoint_attitude/tf/frame_id: map
 * /mavros/setpoint_attitude/tf/listen: False
 * /mavros/setpoint_attitude/tf/rate_limit: 50.0
 * /mavros/setpoint_attitude/use_quaternion: False
 * /mavros/setpoint_position/mav_frame: LOCAL_NED
 * /mavros/setpoint_position/tf/child_frame_id: target_position
 * /mavros/setpoint_position/tf/frame_id: map
 * /mavros/setpoint_position/tf/listen: False
 * /mavros/setpoint_position/tf/rate_limit: 50.0
 * /mavros/setpoint_raw/thrust_scaling: 1.0
 * /mavros/setpoint_velocity/mav_frame: LOCAL_NED
 * /mavros/startup_px4_usb_quirk: True
 * /mavros/sys/disable_diag: False
 * /mavros/sys/min_voltage: 10.0
 * /mavros/target_component_id: 1
 * /mavros/target_system_id: 1
 * /mavros/tdr_radio/low_rssi: 40
 * /mavros/time/time_ref_source: fcu
 * /mavros/time/timesync_avg_alpha: 0.6
 * /mavros/time/timesync_mode: MAVLINK
 * /mavros/vibration/frame_id: base_link
 * /mavros/vision_pose/tf/child_frame_id: vision_estimate
 * /mavros/vision_pose/tf/frame_id: odom
 * /mavros/vision_pose/tf/listen: False
 * /mavros/vision_pose/tf/rate_limit: 10.0
 * /mavros/vision_speed/listen_twist: True
 * /mavros/vision_speed/twist_cov: True
 * /mavros/wheel_odometry/child_frame_id: base_link
 * /mavros/wheel_odometry/count: 2
 * /mavros/wheel_odometry/frame_id: odom
 * /mavros/wheel_odometry/send_raw: True
 * /mavros/wheel_odometry/send_twist: False
 * /mavros/wheel_odometry/tf/child_frame_id: base_link
 * /mavros/wheel_odometry/tf/frame_id: odom
 * /mavros/wheel_odometry/tf/send: False
 * /mavros/wheel_odometry/use_rpm: False
 * /mavros/wheel_odometry/vel_error: 0.1
 * /mavros/wheel_odometry/wheel0/radius: 0.05
 * /mavros/wheel_odometry/wheel0/x: 0.0
 * /mavros/wheel_odometry/wheel0/y: -0.15
 * /mavros/wheel_odometry/wheel1/radius: 0.05
 * /mavros/wheel_odometry/wheel1/x: 0.0
 * /mavros/wheel_odometry/wheel1/y: 0.15
 * /octomap_server/frame_id: world
 * /octomap_server/resolution: 0.05
 * /octomap_server/sensor_model/max_range: 3.0
 * /prometheus_control/px4_pos_estimator/input_source: 3
 * /prometheus_control/px4_sender/Disarm_height: 0.18
 * /prometheus_control/px4_sender/Land_mode: 1
 * /prometheus_control/px4_sender/Land_speed: 0.2
 * /prometheus_control/px4_sender/Takeoff_height: 0.4
 * /prometheus_control/px4_sender/geo_fence/x_max: 6.3
 * /prometheus_control/px4_sender/geo_fence/x_min: -0.3
 * /prometheus_control/px4_sender/geo_fence/y_max: 6.3
 * /prometheus_control/px4_sender/geo_fence/y_min: -0.3
 * /prometheus_control/px4_sender/geo_fence/z_max: 3.3
 * /prometheus_control/px4_sender/geo_fence/z_min: -0.3
 * /rosdistro: melodic
 * /rosversion: 1.14.13
 * /t265/realsense2_camera/accel_fps: 62
 * /t265/realsense2_camera/accel_frame_id: t265_accel_frame
 * /t265/realsense2_camera/accel_optical_frame_id: t265_accel_optica...
 * /t265/realsense2_camera/align_depth: False
 * /t265/realsense2_camera/aligned_depth_to_color_frame_id: t265_aligned_dept...
 * /t265/realsense2_camera/aligned_depth_to_fisheye1_frame_id: t265_aligned_dept...
 * /t265/realsense2_camera/aligned_depth_to_fisheye2_frame_id: t265_aligned_dept...
 * /t265/realsense2_camera/aligned_depth_to_fisheye_frame_id: t265_aligned_dept...
 * /t265/realsense2_camera/aligned_depth_to_infra1_frame_id: t265_aligned_dept...
 * /t265/realsense2_camera/aligned_depth_to_infra2_frame_id: t265_aligned_dept...
 * /t265/realsense2_camera/allow_no_texture_points: False
 * /t265/realsense2_camera/base_frame_id: t265_link
 * /t265/realsense2_camera/calib_odom_file:
 * /t265/realsense2_camera/clip_distance: -1.0
 * /t265/realsense2_camera/color_fps: 30
 * /t265/realsense2_camera/color_frame_id: t265_color_frame
 * /t265/realsense2_camera/color_height: 480
 * /t265/realsense2_camera/color_optical_frame_id: t265_color_optica...
 * /t265/realsense2_camera/color_width: 640
 * /t265/realsense2_camera/depth_fps: 30
 * /t265/realsense2_camera/depth_frame_id: t265_depth_frame
 * /t265/realsense2_camera/depth_height: 480
 * /t265/realsense2_camera/depth_optical_frame_id: t265_depth_optica...
 * /t265/realsense2_camera/depth_width: 640
 * /t265/realsense2_camera/device_type: t265
 * /t265/realsense2_camera/enable_accel: True
 * /t265/realsense2_camera/enable_color: True
 * /t265/realsense2_camera/enable_depth: True
 * /t265/realsense2_camera/enable_fisheye1: False
 * /t265/realsense2_camera/enable_fisheye2: False
 * /t265/realsense2_camera/enable_fisheye: False
 * /t265/realsense2_camera/enable_gyro: True
 * /t265/realsense2_camera/enable_infra1: False
 * /t265/realsense2_camera/enable_infra2: False
 * /t265/realsense2_camera/enable_infra: False
 * /t265/realsense2_camera/enable_pointcloud: False
 * /t265/realsense2_camera/enable_pose: True
 * /t265/realsense2_camera/enable_sync: False
 * /t265/realsense2_camera/filters:
 * /t265/realsense2_camera/fisheye1_frame_id: t265_fisheye1_frame
 * /t265/realsense2_camera/fisheye1_optical_frame_id: t265_fisheye1_opt...
 * /t265/realsense2_camera/fisheye2_frame_id: t265_fisheye2_frame
 * /t265/realsense2_camera/fisheye2_optical_frame_id: t265_fisheye2_opt...
 * /t265/realsense2_camera/fisheye_fps: 30
 * /t265/realsense2_camera/fisheye_frame_id: t265_fisheye_frame
 * /t265/realsense2_camera/fisheye_height: 800
 * /t265/realsense2_camera/fisheye_optical_frame_id: t265_fisheye_opti...
 * /t265/realsense2_camera/fisheye_width: 848
 * /t265/realsense2_camera/gyro_fps: 200
 * /t265/realsense2_camera/gyro_frame_id: t265_gyro_frame
 * /t265/realsense2_camera/gyro_optical_frame_id: t265_gyro_optical...
 * /t265/realsense2_camera/imu_optical_frame_id: t265_imu_optical_...
 * /t265/realsense2_camera/infra1_frame_id: t265_infra1_frame
 * /t265/realsense2_camera/infra1_optical_frame_id: t265_infra1_optic...
 * /t265/realsense2_camera/infra2_frame_id: t265_infra2_frame
 * /t265/realsense2_camera/infra2_optical_frame_id: t265_infra2_optic...
 * /t265/realsense2_camera/infra_fps: 30
 * /t265/realsense2_camera/infra_height: 480
 * /t265/realsense2_camera/infra_width: 640
 * /t265/realsense2_camera/initial_reset: False
 * /t265/realsense2_camera/json_file_path:
 * /t265/realsense2_camera/linear_accel_cov: 0.01
 * /t265/realsense2_camera/odom_frame_id: t265_odom_frame
 * /t265/realsense2_camera/pointcloud_texture_index: 0
 * /t265/realsense2_camera/pointcloud_texture_stream: RS2_STREAM_COLOR
 * /t265/realsense2_camera/pose_frame_id: t265_pose_frame
 * /t265/realsense2_camera/pose_optical_frame_id: t265_pose_optical...
 * /t265/realsense2_camera/publish_odom_tf: True
 * /t265/realsense2_camera/publish_tf: True
 * /t265/realsense2_camera/rosbag_filename:
 * /t265/realsense2_camera/serial_no:
 * /t265/realsense2_camera/tf_publish_rate: 0.0
 * /t265/realsense2_camera/topic_odom_in: t265/odom_in
 * /t265/realsense2_camera/unite_imu_method:
 * /t265/realsense2_camera/usb_port_id:

NODES
  /
    laser_to_pointcloud (prometheus_gazebo/laser_to_pointcloud.py)
    lidar01 (bluesea2/bluesea2_node)
    mavros (mavros/mavros_node)
    octomap_server (octomap_server/octomap_server_node)
    tf_2Dlidar (tf/static_transform_publisher)
    tf_t265 (tf/static_transform_publisher)
    tf_world_map (tf/static_transform_publisher)
  /prometheus_control/
    px4_pos_estimator (prometheus_control/px4_pos_estimator)
    px4_sender (prometheus_control/px4_sender)
  /t265/
    realsense2_camera (nodelet/nodelet)
    realsense2_camera_manager (nodelet/nodelet)

auto-starting new master
process[master]: started with pid [12556]
ROS_MASTER_URI=http://localhost:11311

setting /run_id to 38f205b4-dfa5-11ee-9953-48b02d67bcf5
process[rosout-1]: started with pid [12569]
started core service [/rosout]
process[mavros-2]: started with pid [12586]
process[t265/realsense2_camera_manager-3]: started with pid [12587]
process[t265/realsense2_camera-4]: started with pid [12588]
process[prometheus_control/px4_pos_estimator-5]: started with pid [12597]
process[prometheus_control/px4_sender-6]: started with pid [12615]
process[lidar01-7]: started with pid [12624]
process[tf_world_map-8]: started with pid [12636]
process[tf_t265-9]: started with pid [12656]
process[tf_2Dlidar-10]: started with pid [12665]
type is uart
[ INFO] [1710161125.638777244]: Initializing nodelet with 4 worker threads.
process[laser_to_pointcloud-11]: started with pid [12760]
process[octomap_server-12]: started with pid [12782]
[ INFO] [1710161126.663892615]: FCU URL: /dev/ttyTHS2:921600
[ INFO] [1710161126.735187602]: serial0: device: /dev/ttyTHS2 @ 921600 bps
[ INFO] [1710161126.738556160]: GCS bridge disabled
[ INFO] [1710161126.917890881]: Plugin 3dr_radio blacklisted
[ INFO] [1710161126.918412202]: Plugin actuator_control blacklisted
[ INFO] [1710161126.919294681]: Plugin adsb blacklisted
[ INFO] [1710161126.920189505]: Plugin altitude blacklisted
[ INFO] [1710161126.920255549]: Plugin cam_imu_sync blacklisted
[ INFO] [1710161126.927546590]: Change RPM to [600]
[0] => 500000
[1] => 768000
[2] => 921600
reported 768000
send command : 'LUUIDH'
>>>>>>>>>>>>>>>>>>>>>>>> px4_sender Parameter <<<<<<<<<<<<<<<<<<<<<<
Takeoff_height   : 0.4 [m]
Disarm_height    : 0.18 [m]
Land_speed       : 0.2 [m/s]
Land_mode        : 1
geo_fence_x : -0.3 [m]  to  6.3 [m]
geo_fence_y : -0.3 [m]  to  6.3 [m]
geo_fence_z : -0.3 [m]  to  3.3 [m]
read 4753 bytes, not found PRODUCT SN:
send command : 'LUUIDH'
[ INFO] [1710161127.131602661]: Plugin camera loaded
[ INFO] [1710161127.137204631]: Plugin camera initialized
[ INFO] [1710161127.138895994]: Plugin cellular_status loaded
read 4864 bytes, not found PRODUCT SN:
send command : 'LUUIDH'
[ INFO] [1710161127.229592558]: Plugin cellular_status initialized
read 4919 bytes, not found PRODUCT SN:
send command : 'LUUIDH'
read 5428 bytes, not found PRODUCT SN:
send command : 'LUUIDH'
[ INFO] [1710161127.446072925]: Plugin command loaded
read 4918 bytes, not found PRODUCT SN:
send command : 'LUUIDH'
read 4923 bytes, not found PRODUCT SN:
send command : 'LUUIDH'
[ INFO] [1710161127.608683822]: Plugin command initialized
[ INFO] [1710161127.608855495]: Plugin companion_process_status blacklisted
[ INFO] [1710161127.609468798]: Plugin debug_value blacklisted
[ INFO] [1710161127.609557916]: Plugin distance_sensor blacklisted
[ INFO] [1710161127.610109394]: Plugin esc_status loaded
[ INFO] [1710161127.624607566]: Plugin esc_status initialized
[ INFO] [1710161127.625122637]: Plugin esc_telemetry loaded
[ INFO] [1710161127.640389118]: Plugin esc_telemetry initialized
[ INFO] [1710161127.640786788]: Plugin fake_gps blacklisted
[ INFO] [1710161127.642004071]: Plugin ftp loaded
read 4922 bytes, not found PRODUCT SN:
send command : 'LUUIDH'
read 4919 bytes, not found PRODUCT SN:
send command : 'LUUIDH'
[ INFO] [1710161127.773409377]: Plugin ftp initialized
[ INFO] [1710161127.773856060]: Plugin geofence loaded
read 4925 bytes, not found PRODUCT SN:
send command : 'LUUIDH'
[ INFO] [1710161127.959836018]: Plugin geofence initialized
[ INFO] [1710161127.960604327]: Plugin global_position blacklisted
read 5362 bytes, not found PRODUCT SN:
send command : 'LMDMMH'
[ INFO] [1710161127.960934963]: Plugin gps_input loaded
[ INFO] [1710161128.072652849]: Plugin gps_input initialized
[ INFO] [1710161128.072776291]: Plugin gps_rtk blacklisted
[ INFO] [1710161128.073060989]: Plugin gps_status loaded
[ INFO] [1710161128.141879794]: Plugin gps_status initialized
[ INFO] [1710161128.142799254]: Plugin guided_target loaded
set LiDAR unit to MM OUT OK
send command : 'LOCONH'
[ INFO] [1710161128.269087607]: Plugin guided_target initialized
[ INFO] [1710161128.269231675]: Plugin hil blacklisted
[ INFO] [1710161128.269429494]: Plugin home_position blacklisted
[ INFO] [1710161128.270272024]: Plugin imu loaded
set LiDAR confidence to CONFI
send command : 'LFFF1H'
[ INFO] [1710161128.375193001]: Plugin imu initialized
[ INFO] [1710161128.375337746]: Plugin landing_target blacklisted
[ INFO] [1710161128.375707551]: Plugin local_position loaded
[ INFO] [1710161128.542194679]: Plugin local_position initialized
[ INFO] [1710161128.542590266]: Plugin log_transfer loaded
[ INFO] [1710161128.570197708]: Plugin log_transfer initialized
set LiDAR shadow filter to set f
send command : 'LSSS1H'
[ INFO] [1710161128.573677415]: Plugin mag_calibration_status loaded
[ INFO] [1710161128.584275293]: Plugin mag_calibration_status initialized
[ INFO] [1710161128.584660827]: Plugin manual_control loaded
[ INFO] [1710161128.635540869]: Plugin manual_control initialized
[ INFO] [1710161128.635726032]: Plugin mocap_pose_estimate blacklisted
[ INFO] [1710161128.635836036]: Plugin mount_control blacklisted
[ INFO] [1710161128.636194017]: Plugin nav_controller_output loaded
[ INFO] [1710161128.657307269]: Plugin nav_controller_output initialized
[ INFO] [1710161128.657442639]: Plugin obstacle_distance blacklisted
[ INFO] [1710161128.657546028]: Plugin odom blacklisted
[ INFO] [1710161128.657851768]: Plugin onboard_computer_status loaded
[ INFO] [1710161128.719524069]: Plugin onboard_computer_status initialized
[ INFO] [1710161128.719902676]: Plugin param loaded
set LiDAR smooth to set s
[ INFO] [1710161128.778023184]: Plugin param initialized
[ INFO] [1710161128.778367259]: Plugin play_tune loaded
unkown 32 bytes 22 08 01 22
[ INFO] [1710161128.827596512]: Plugin play_tune initialized
[ INFO] [1710161128.827760789]: Plugin px4flow blacklisted
[ INFO] [1710161128.828170960]: Plugin rallypoint loaded
2880 drop 8 fans
[ INFO] [1710161128.891564937]: Plugin rallypoint initialized
[ INFO] [1710161128.891937242]: Plugin rangefinder loaded
[ INFO] [1710161128.898574666]: Plugin rangefinder initialized
[ INFO] [1710161128.898723473]: Plugin rc_io blacklisted
[ INFO] [1710161128.898784986]: Plugin safety_area blacklisted
[ INFO] [1710161128.898841029]: Plugin setpoint_accel blacklisted
[ INFO] [1710161128.898895667]: Plugin setpoint_attitude blacklisted
[ INFO] [1710161128.898948325]: Plugin setpoint_position blacklisted
[ INFO] [1710161128.899532825]: Plugin setpoint_raw loaded
[ WARN] [1710161129.048441827]: Nothing to publish, octree is empty
[ INFO] [1710161129.078401228]: Plugin setpoint_raw initialized
[ INFO] [1710161129.078804836]: Plugin setpoint_trajectory loaded
[ INFO] [1710161129.191888239]: Plugin setpoint_trajectory initialized
[ INFO] [1710161129.194807770]: Plugin setpoint_velocity blacklisted
[ INFO] [1710161129.195295913]: Plugin sys_status loaded
[ INFO] [1710161129.280872294]: Plugin sys_status initialized
[ INFO] [1710161129.281246891]: Plugin sys_time loaded
[ INFO] [1710161129.327761413]: TM: Timesync mode: MAVLINK
[ INFO] [1710161129.339544072]: TM: Not publishing sim time
[ INFO] [1710161129.348577467]: Plugin sys_time initialized
[ INFO] [1710161129.349054254]: Plugin terrain loaded
[ INFO] [1710161129.352573963]: Plugin terrain initialized
[ INFO] [1710161129.353439463]: Plugin trajectory loaded
[ INFO] [1710161129.398973376]: Plugin trajectory initialized
[ INFO] [1710161129.399425319]: Plugin tunnel loaded
[ INFO] [1710161129.428331037]: Plugin tunnel initialized
[ INFO] [1710161129.428517241]: Plugin vfr_hud blacklisted
[ INFO] [1710161129.428603130]: Plugin vibration blacklisted
[ INFO] [1710161129.429014498]: Plugin vision_pose_estimate loaded
[ INFO] [1710161129.508638376]: Plugin vision_pose_estimate initialized
[ INFO] [1710161129.508970784]: Plugin vision_speed_estimate loaded
[ INFO] [1710161129.561928087]: Plugin vision_speed_estimate initialized
[ INFO] [1710161129.562062832]: Plugin waypoint blacklisted
[ INFO] [1710161129.562131688]: Plugin wheel_odometry blacklisted
[ INFO] [1710161129.562190024]: Plugin wind_estimation blacklisted
[ INFO] [1710161129.562394146]: Autostarting mavlink via USB on PX4
[ INFO] [1710161129.562511077]: Built-in SIMD instructions: ARM NEON
[ INFO] [1710161129.562785618]: Built-in MAVLink package version: 2022.12.30
[ INFO] [1710161129.562869787]: Known MAVLink dialects: common ardupilotmega ASLUAV AVSSUAS all cubepilot development icarous matrixpilot paparazzi standard storm32 uAvionix ualberta
[ INFO] [1710161129.562934061]: MAVROS started. MY ID 1.240, TARGET ID 1.1
[ INFO] [1710161129.564723031]: IMU: Attitude quaternion IMU detected!
[ INFO] [1710161129.564935434]: IMU: High resolution IMU detected!
[ INFO] [1710161129.565258570]: CON: Got HEARTBEAT, connected. FCU: PX4 Autopilot
[ INFO] [1710161129.580117641]: IMU: Attitude quaternion IMU detected!
[ INFO] [1710161129.580859335]: IMU: High resolution IMU detected!
[ INFO] [1710161130.594392209]: GF: Using MISSION_ITEM_INT
[ INFO] [1710161130.594534298]: RP: Using MISSION_ITEM_INT
[ INFO] [1710161130.594649458]: VER: 1.1: Capabilities         0x000000000000e4ff
[ INFO] [1710161130.594745815]: VER: 1.1: Flight software:     010d0100 (6c8880dcd417010d)
[ INFO] [1710161130.594818943]: VER: 1.1: Middleware software: 010d0100 (6c8880dcd4000000)
[ INFO] [1710161130.594891602]: VER: 1.1: OS software:         0b0000ff (91bece51afbe7da9)
[ INFO] [1710161130.594955198]: VER: 1.1: Board hardware:      00000038
[ INFO] [1710161130.595028534]: VER: 1.1: VID/PID:             3185:0038
[ INFO] [1710161130.595089474]: VER: 1.1: UID:                 3031510b34373938
[ WARN] [1710161130.600725820]: CMD: Unexpected command 520, result 0
[ INFO] [1710161131.467713735]: RealSense ROS v2.2.15
[ INFO] [1710161131.467807697]: Built with LibRealSense v2.36.0
[ INFO] [1710161131.467898221]: Running with LibRealSense v2.36.0
 11/03 20:45:32,546 WARNING [547826090368] (messenger-libusb.cpp:66) bulk_transfer returned error, endpoint: 0x1, error: No data available, err. num: 61
 11/03 20:45:32,546 ERROR [547826090368] (tm-boot.h:39) Error booting T265
[ WARN] [1710161134.564234194]: No RealSense devices were found!
 11/03 20:45:41,611 WARNING [547826090368] (messenger-libusb.cpp:66) bulk_transfer returned error, endpoint: 0x1, error: No data available, err. num: 61
 11/03 20:45:41,611 ERROR [547826090368] (tm-boot.h:39) Error booting T265
[ WARN] [1710161143.638591240]: No RealSense devices were found!
[ INFO] [1710161144.566803992]: GF: mission received
[ INFO] [1710161144.576381625]: RP: mission received
[ WARN] [1710161144.743022092]: PR: request param #234 timeout, retries left 2, and 2 params still missing
 11/03 20:45:50,657 WARNING [547826090368] (messenger-libusb.cpp:66) bulk_transfer returned error, endpoint: 0x1, error: No data available, err. num: 61
 11/03 20:45:50,657 ERROR [547826090368] (tm-boot.h:39) Error booting T265
